<?xml version="1.0" encoding="UTF-8"?>
<!-- Generated by org.testng.reporters.JUnitXMLReporter -->
<testsuite ignored="6" hostname="IN-39RM2J3" failures="1" tests="20" name="Test" time="1033.628" errors="0" timestamp="2023-01-09T20:02:37 IST">
  <testcase classname="com.nagarro.SeleniumJava.tests.Test01_HomePage" name="verifyHomePageTitleTest" time="2.029"/>
  <testcase classname="com.nagarro.SeleniumJava.tests.Test01_HomePage" name="verifyFlipkartLogoTest" time="0.044"/>
  <testcase classname="com.nagarro.SeleniumJava.tests.Test01_HomePage" name="verifyLoginTabTest" time="0.104"/>
  <testcase classname="com.nagarro.SeleniumJava.tests.Test01_HomePage" name="verifyBecomeASellerTabTest" time="0.034"/>
  <testcase classname="com.nagarro.SeleniumJava.tests.Test01_HomePage" name="verifySearchProductTest" time="1.226"/>
  <testcase classname="com.nagarro.SeleniumJava.tests.Test01_HomePage" name="ClickNextSlide" time="0.21"/>
  <testcase classname="com.nagarro.SeleniumJava.tests.Test01_HomePage" name="ClickBackSlide" time="0.0">
    <skipped/>
  </testcase> <!-- ClickBackSlide -->
  <testcase classname="com.nagarro.SeleniumJava.tests.Test02_RegisterPage" name="CreateNewuser" time="3.273"/>
  <testcase classname="com.nagarro.SeleniumJava.tests.Test03_ProductPage" name="productSearch" time="3.17"/>
  <testcase classname="com.nagarro.SeleniumJava.tests.Test03_ProductPage" name="productAddToCart" time="15.66"/>
  <testcase classname="com.nagarro.SeleniumJava.tests.Test04_FooterPage" name="clickToCopyRight" time="0.107"/>
  <testcase classname="com.nagarro.SeleniumJava.tests.Test04_FooterPage" name="verifyFooterLogoTest" time="0.036"/>
  <testcase classname="com.nagarro.SeleniumJava.tests.Test04_FooterPage" name="verifyHelpCenterTest" time="0.081"/>
  <testcase classname="com.nagarro.SeleniumJava.tests.Test04_FooterPage" name="verifyContactUsTest" time="4.67">
    <failure type="java.lang.AssertionError" message="expected [lipkart Help Center | 24x7 Customer Care Support] but found [Flipkart Help Center | 24x7 Customer Care Support]">
      <![CDATA[java.lang.AssertionError: expected [lipkart Help Center | 24x7 Customer Care Support] but found [Flipkart Help Center | 24x7 Customer Care Support]
at com.nagarro.SeleniumJava.tests.Test04_FooterPage.verifyContactUsTest(Test04_FooterPage.java:73)
at java.base/java.util.ArrayList.forEach(ArrayList.java:1511)
... Removed 33 stack frames]]>
    </failure>
  </testcase> <!-- verifyContactUsTest -->
  <testcase classname="com.nagarro.SeleniumJava.tests.Test04_FooterPage" name="verifyGiftCardTest" time="0.036"/>
  <testcase classname="com.nagarro.SeleniumJava.tests.Test04_FooterPage" name="verifyAdvertiseTest" time="0.039"/>
  <testcase classname="com.nagarro.SeleniumJava.tests.Test04_FooterPage" name="verifyBecomeASellerTest" time="0.038"/>
  <testcase classname="com.nagarro.SeleniumJava.tests.Test04_FooterPage" name="verifyPaymentTest" time="3.757"/>
  <testcase classname="com.nagarro.SeleniumJava.tests.Test04_FooterPage" name="verifyShippingTest" time="7.595"/>
  <testcase classname="com.nagarro.SeleniumJava.tests.Test04_FooterPage" name="verifyFacebookTest" time="4.748"/>
  <testcase classname="com.nagarro.SeleniumJava.tests.BaseTest" name="@BeforeSuite setExtent" time="0.0">
    <ignored/>
  </testcase> <!-- @BeforeSuite setExtent -->
  <testcase classname="com.nagarro.SeleniumJava.tests.BaseTest" name="@BeforeSuite setExtent" time="0.0">
    <ignored/>
  </testcase> <!-- @BeforeSuite setExtent -->
  <testcase classname="com.nagarro.SeleniumJava.tests.BaseTest" name="@BeforeSuite setExtent" time="0.0">
    <ignored/>
  </testcase> <!-- @BeforeSuite setExtent -->
  <testcase classname="com.nagarro.SeleniumJava.tests.BaseTest" name="@AfterSuite endReport" time="0.0">
    <ignored/>
  </testcase> <!-- @AfterSuite endReport -->
  <testcase classname="com.nagarro.SeleniumJava.tests.BaseTest" name="@AfterSuite endReport" time="0.0">
    <ignored/>
  </testcase> <!-- @AfterSuite endReport -->
  <testcase classname="com.nagarro.SeleniumJava.tests.BaseTest" name="@AfterSuite endReport" time="0.0">
    <ignored/>
  </testcase> <!-- @AfterSuite endReport -->
</testsuite> <!-- Test -->
