<?xml version="1.0" encoding="UTF-8"?>
<testng-results ignored="6" total="26" passed="18" failed="1" skipped="1">
  <reporter-output>
  </reporter-output>
  <suite started-at="2023-01-09T19:45:24 IST" name="Suite" finished-at="2023-01-09T20:02:37 IST" duration-ms="1033628">
    <groups>
      <group name="smoke">
        <method signature="Test01_HomePage.ClickBackSlide()[pri:6, instance:com.nagarro.SeleniumJava.tests.Test01_HomePage@5745ca0e]" name="ClickBackSlide" class="com.nagarro.SeleniumJava.tests.Test01_HomePage"/>
        <method signature="Test01_HomePage.ClickNextSlide()[pri:5, instance:com.nagarro.SeleniumJava.tests.Test01_HomePage@5745ca0e]" name="ClickNextSlide" class="com.nagarro.SeleniumJava.tests.Test01_HomePage"/>
        <method signature="Test01_HomePage.verifyBecomeASellerTabTest()[pri:3, instance:com.nagarro.SeleniumJava.tests.Test01_HomePage@5745ca0e]" name="verifyBecomeASellerTabTest" class="com.nagarro.SeleniumJava.tests.Test01_HomePage"/>
        <method signature="Test01_HomePage.verifyFlipkartLogoTest()[pri:1, instance:com.nagarro.SeleniumJava.tests.Test01_HomePage@5745ca0e]" name="verifyFlipkartLogoTest" class="com.nagarro.SeleniumJava.tests.Test01_HomePage"/>
        <method signature="Test01_HomePage.verifyHomePageTitleTest()[pri:0, instance:com.nagarro.SeleniumJava.tests.Test01_HomePage@5745ca0e]" name="verifyHomePageTitleTest" class="com.nagarro.SeleniumJava.tests.Test01_HomePage"/>
        <method signature="Test01_HomePage.verifyLoginTabTest()[pri:2, instance:com.nagarro.SeleniumJava.tests.Test01_HomePage@5745ca0e]" name="verifyLoginTabTest" class="com.nagarro.SeleniumJava.tests.Test01_HomePage"/>
        <method signature="Test01_HomePage.verifySearchProductTest()[pri:4, instance:com.nagarro.SeleniumJava.tests.Test01_HomePage@5745ca0e]" name="verifySearchProductTest" class="com.nagarro.SeleniumJava.tests.Test01_HomePage"/>
        <method signature="Test02_RegisterPage.CreateNewuser()[pri:0, instance:com.nagarro.SeleniumJava.tests.Test02_RegisterPage@38467116]" name="CreateNewuser" class="com.nagarro.SeleniumJava.tests.Test02_RegisterPage"/>
        <method signature="Test03_ProductPage.productAddToCart()[pri:1, instance:com.nagarro.SeleniumJava.tests.Test03_ProductPage@5b7a7f33]" name="productAddToCart" class="com.nagarro.SeleniumJava.tests.Test03_ProductPage"/>
        <method signature="Test03_ProductPage.productSearch()[pri:0, instance:com.nagarro.SeleniumJava.tests.Test03_ProductPage@5b7a7f33]" name="productSearch" class="com.nagarro.SeleniumJava.tests.Test03_ProductPage"/>
        <method signature="Test04_FooterPage.clickToCopyRight()[pri:0, instance:com.nagarro.SeleniumJava.tests.Test04_FooterPage@790da477]" name="clickToCopyRight" class="com.nagarro.SeleniumJava.tests.Test04_FooterPage"/>
        <method signature="Test04_FooterPage.verifyAdvertiseTest()[pri:5, instance:com.nagarro.SeleniumJava.tests.Test04_FooterPage@790da477]" name="verifyAdvertiseTest" class="com.nagarro.SeleniumJava.tests.Test04_FooterPage"/>
        <method signature="Test04_FooterPage.verifyBecomeASellerTest()[pri:6, instance:com.nagarro.SeleniumJava.tests.Test04_FooterPage@790da477]" name="verifyBecomeASellerTest" class="com.nagarro.SeleniumJava.tests.Test04_FooterPage"/>
        <method signature="Test04_FooterPage.verifyContactUsTest()[pri:3, instance:com.nagarro.SeleniumJava.tests.Test04_FooterPage@790da477]" name="verifyContactUsTest" class="com.nagarro.SeleniumJava.tests.Test04_FooterPage"/>
        <method signature="Test04_FooterPage.verifyFacebookTest()[pri:8, instance:com.nagarro.SeleniumJava.tests.Test04_FooterPage@790da477]" name="verifyFacebookTest" class="com.nagarro.SeleniumJava.tests.Test04_FooterPage"/>
        <method signature="Test04_FooterPage.verifyFooterLogoTest()[pri:1, instance:com.nagarro.SeleniumJava.tests.Test04_FooterPage@790da477]" name="verifyFooterLogoTest" class="com.nagarro.SeleniumJava.tests.Test04_FooterPage"/>
        <method signature="Test04_FooterPage.verifyGiftCardTest()[pri:4, instance:com.nagarro.SeleniumJava.tests.Test04_FooterPage@790da477]" name="verifyGiftCardTest" class="com.nagarro.SeleniumJava.tests.Test04_FooterPage"/>
        <method signature="Test04_FooterPage.verifyHelpCenterTest()[pri:2, instance:com.nagarro.SeleniumJava.tests.Test04_FooterPage@790da477]" name="verifyHelpCenterTest" class="com.nagarro.SeleniumJava.tests.Test04_FooterPage"/>
        <method signature="Test04_FooterPage.verifyPaymentTest()[pri:7, instance:com.nagarro.SeleniumJava.tests.Test04_FooterPage@790da477]" name="verifyPaymentTest" class="com.nagarro.SeleniumJava.tests.Test04_FooterPage"/>
        <method signature="Test04_FooterPage.verifyShippingTest()[pri:7, instance:com.nagarro.SeleniumJava.tests.Test04_FooterPage@790da477]" name="verifyShippingTest" class="com.nagarro.SeleniumJava.tests.Test04_FooterPage"/>
      </group> <!-- smoke -->
      <group name="sanity">
        <method signature="Test01_HomePage.ClickBackSlide()[pri:6, instance:com.nagarro.SeleniumJava.tests.Test01_HomePage@5745ca0e]" name="ClickBackSlide" class="com.nagarro.SeleniumJava.tests.Test01_HomePage"/>
        <method signature="Test01_HomePage.verifyBecomeASellerTabTest()[pri:3, instance:com.nagarro.SeleniumJava.tests.Test01_HomePage@5745ca0e]" name="verifyBecomeASellerTabTest" class="com.nagarro.SeleniumJava.tests.Test01_HomePage"/>
        <method signature="Test01_HomePage.verifyFlipkartLogoTest()[pri:1, instance:com.nagarro.SeleniumJava.tests.Test01_HomePage@5745ca0e]" name="verifyFlipkartLogoTest" class="com.nagarro.SeleniumJava.tests.Test01_HomePage"/>
        <method signature="Test01_HomePage.verifyHomePageTitleTest()[pri:0, instance:com.nagarro.SeleniumJava.tests.Test01_HomePage@5745ca0e]" name="verifyHomePageTitleTest" class="com.nagarro.SeleniumJava.tests.Test01_HomePage"/>
        <method signature="Test01_HomePage.verifySearchProductTest()[pri:4, instance:com.nagarro.SeleniumJava.tests.Test01_HomePage@5745ca0e]" name="verifySearchProductTest" class="com.nagarro.SeleniumJava.tests.Test01_HomePage"/>
        <method signature="Test04_FooterPage.verifyFacebookTest()[pri:8, instance:com.nagarro.SeleniumJava.tests.Test04_FooterPage@790da477]" name="verifyFacebookTest" class="com.nagarro.SeleniumJava.tests.Test04_FooterPage"/>
        <method signature="Test04_FooterPage.verifyFooterLogoTest()[pri:1, instance:com.nagarro.SeleniumJava.tests.Test04_FooterPage@790da477]" name="verifyFooterLogoTest" class="com.nagarro.SeleniumJava.tests.Test04_FooterPage"/>
        <method signature="Test04_FooterPage.verifyGiftCardTest()[pri:4, instance:com.nagarro.SeleniumJava.tests.Test04_FooterPage@790da477]" name="verifyGiftCardTest" class="com.nagarro.SeleniumJava.tests.Test04_FooterPage"/>
        <method signature="Test04_FooterPage.verifyShippingTest()[pri:7, instance:com.nagarro.SeleniumJava.tests.Test04_FooterPage@790da477]" name="verifyShippingTest" class="com.nagarro.SeleniumJava.tests.Test04_FooterPage"/>
      </group> <!-- sanity -->
    </groups>
    <test started-at="2023-01-09T19:45:24 IST" name="Test" finished-at="2023-01-09T20:02:37 IST" duration-ms="1033628">
      <class name="com.nagarro.SeleniumJava.tests.Test03_ProductPage">
        <test-method is-config="true" signature="setup()[pri:0, instance:com.nagarro.SeleniumJava.tests.Test03_ProductPage@5b7a7f33]" started-at="2023-01-09T19:51:51 IST" name="setup" finished-at="2023-01-09T19:52:36 IST" duration-ms="44831" status="PASS">
          <reporter-output>
          </reporter-output>
        </test-method> <!-- setup -->
        <test-method signature="productSearch()[pri:0, instance:com.nagarro.SeleniumJava.tests.Test03_ProductPage@5b7a7f33]" started-at="2023-01-09T19:52:36 IST" name="productSearch" finished-at="2023-01-09T19:52:39 IST" duration-ms="3170" status="PASS">
          <reporter-output>
          </reporter-output>
        </test-method> <!-- productSearch -->
        <test-method is-config="true" signature="attachScreenshot(org.testng.ITestResult)[pri:0, instance:com.nagarro.SeleniumJava.tests.Test03_ProductPage@5b7a7f33]" started-at="2023-01-09T19:52:39 IST" name="attachScreenshot" finished-at="2023-01-09T19:52:39 IST" duration-ms="1" status="PASS">
          <params>
            <param index="0">
              <value>
                <![CDATA[[TestResult name=productSearch status=SUCCESS method=Test03_ProductPage.productSearch()[pri:0, instance:com.nagarro.SeleniumJava.tests.Test03_ProductPage@5b7a7f33] output={null}]]]>
              </value>
            </param>
          </params>
          <reporter-output>
          </reporter-output>
        </test-method> <!-- attachScreenshot -->
        <test-method is-config="true" signature="tearDown()[pri:0, instance:com.nagarro.SeleniumJava.tests.Test03_ProductPage@5b7a7f33]" started-at="2023-01-09T19:52:39 IST" name="tearDown" finished-at="2023-01-09T19:52:40 IST" duration-ms="101" status="PASS">
          <reporter-output>
          </reporter-output>
        </test-method> <!-- tearDown -->
        <test-method is-config="true" signature="setup()[pri:0, instance:com.nagarro.SeleniumJava.tests.Test03_ProductPage@5b7a7f33]" started-at="2023-01-09T19:52:40 IST" name="setup" finished-at="2023-01-09T19:53:26 IST" duration-ms="46353" status="PASS">
          <reporter-output>
          </reporter-output>
        </test-method> <!-- setup -->
        <test-method signature="productAddToCart()[pri:1, instance:com.nagarro.SeleniumJava.tests.Test03_ProductPage@5b7a7f33]" started-at="2023-01-09T19:53:26 IST" name="productAddToCart" finished-at="2023-01-09T19:53:42 IST" duration-ms="15660" status="PASS">
          <reporter-output>
          </reporter-output>
        </test-method> <!-- productAddToCart -->
        <test-method is-config="true" signature="tearDown()[pri:0, instance:com.nagarro.SeleniumJava.tests.Test03_ProductPage@5b7a7f33]" started-at="2023-01-09T19:53:42 IST" name="tearDown" finished-at="2023-01-09T19:53:42 IST" duration-ms="111" status="PASS">
          <reporter-output>
          </reporter-output>
        </test-method> <!-- tearDown -->
        <test-method is-config="true" signature="attachScreenshot(org.testng.ITestResult)[pri:0, instance:com.nagarro.SeleniumJava.tests.Test03_ProductPage@5b7a7f33]" started-at="2023-01-09T19:53:42 IST" name="attachScreenshot" finished-at="2023-01-09T19:53:42 IST" duration-ms="0" status="PASS">
          <params>
            <param index="0">
              <value>
                <![CDATA[[TestResult name=productAddToCart status=SUCCESS method=Test03_ProductPage.productAddToCart()[pri:1, instance:com.nagarro.SeleniumJava.tests.Test03_ProductPage@5b7a7f33] output={null}]]]>
              </value>
            </param>
          </params>
          <reporter-output>
          </reporter-output>
        </test-method> <!-- attachScreenshot -->
      </class> <!-- com.nagarro.SeleniumJava.tests.Test03_ProductPage -->
      <class name="com.nagarro.SeleniumJava.tests.Test01_HomePage">
        <test-method is-config="true" signature="setExtent()[pri:0, instance:com.nagarro.SeleniumJava.tests.Test01_HomePage@5745ca0e]" started-at="2023-01-09T19:45:23 IST" name="setExtent" finished-at="2023-01-09T19:45:24 IST" duration-ms="85" status="PASS">
          <reporter-output>
          </reporter-output>
        </test-method> <!-- setExtent -->
        <test-method is-config="true" signature="setup()[pri:0, instance:com.nagarro.SeleniumJava.tests.Test01_HomePage@5745ca0e]" started-at="2023-01-09T19:45:24 IST" name="setup" finished-at="2023-01-09T19:46:11 IST" duration-ms="47653" status="PASS">
          <reporter-output>
          </reporter-output>
        </test-method> <!-- setup -->
        <test-method signature="verifyHomePageTitleTest()[pri:0, instance:com.nagarro.SeleniumJava.tests.Test01_HomePage@5745ca0e]" started-at="2023-01-09T19:46:11 IST" name="verifyHomePageTitleTest" finished-at="2023-01-09T19:46:13 IST" duration-ms="2029" status="PASS">
          <reporter-output>
          </reporter-output>
        </test-method> <!-- verifyHomePageTitleTest -->
        <test-method is-config="true" signature="attachScreenshot(org.testng.ITestResult)[pri:0, instance:com.nagarro.SeleniumJava.tests.Test01_HomePage@5745ca0e]" started-at="2023-01-09T19:46:13 IST" name="attachScreenshot" finished-at="2023-01-09T19:46:13 IST" duration-ms="3" status="PASS">
          <params>
            <param index="0">
              <value>
                <![CDATA[[TestResult name=verifyHomePageTitleTest status=SUCCESS method=Test01_HomePage.verifyHomePageTitleTest()[pri:0, instance:com.nagarro.SeleniumJava.tests.Test01_HomePage@5745ca0e] output={null}]]]>
              </value>
            </param>
          </params>
          <reporter-output>
          </reporter-output>
        </test-method> <!-- attachScreenshot -->
        <test-method is-config="true" signature="tearDown()[pri:0, instance:com.nagarro.SeleniumJava.tests.Test01_HomePage@5745ca0e]" started-at="2023-01-09T19:46:13 IST" name="tearDown" finished-at="2023-01-09T19:46:13 IST" duration-ms="151" status="PASS">
          <reporter-output>
          </reporter-output>
        </test-method> <!-- tearDown -->
        <test-method is-config="true" signature="setup()[pri:0, instance:com.nagarro.SeleniumJava.tests.Test01_HomePage@5745ca0e]" started-at="2023-01-09T19:46:13 IST" name="setup" finished-at="2023-01-09T19:46:59 IST" duration-ms="45136" status="PASS">
          <reporter-output>
          </reporter-output>
        </test-method> <!-- setup -->
        <test-method signature="verifyFlipkartLogoTest()[pri:1, instance:com.nagarro.SeleniumJava.tests.Test01_HomePage@5745ca0e]" started-at="2023-01-09T19:46:59 IST" name="verifyFlipkartLogoTest" finished-at="2023-01-09T19:46:59 IST" duration-ms="44" status="PASS">
          <reporter-output>
          </reporter-output>
        </test-method> <!-- verifyFlipkartLogoTest -->
        <test-method is-config="true" signature="attachScreenshot(org.testng.ITestResult)[pri:0, instance:com.nagarro.SeleniumJava.tests.Test01_HomePage@5745ca0e]" started-at="2023-01-09T19:46:59 IST" name="attachScreenshot" finished-at="2023-01-09T19:46:59 IST" duration-ms="1" status="PASS">
          <params>
            <param index="0">
              <value>
                <![CDATA[[TestResult name=verifyFlipkartLogoTest status=SUCCESS method=Test01_HomePage.verifyFlipkartLogoTest()[pri:1, instance:com.nagarro.SeleniumJava.tests.Test01_HomePage@5745ca0e] output={null}]]]>
              </value>
            </param>
          </params>
          <reporter-output>
          </reporter-output>
        </test-method> <!-- attachScreenshot -->
        <test-method is-config="true" signature="tearDown()[pri:0, instance:com.nagarro.SeleniumJava.tests.Test01_HomePage@5745ca0e]" started-at="2023-01-09T19:46:59 IST" name="tearDown" finished-at="2023-01-09T19:46:59 IST" duration-ms="62" status="PASS">
          <reporter-output>
          </reporter-output>
        </test-method> <!-- tearDown -->
        <test-method is-config="true" signature="setup()[pri:0, instance:com.nagarro.SeleniumJava.tests.Test01_HomePage@5745ca0e]" started-at="2023-01-09T19:46:59 IST" name="setup" finished-at="2023-01-09T19:47:44 IST" duration-ms="45698" status="PASS">
          <reporter-output>
          </reporter-output>
        </test-method> <!-- setup -->
        <test-method signature="verifyLoginTabTest()[pri:2, instance:com.nagarro.SeleniumJava.tests.Test01_HomePage@5745ca0e]" started-at="2023-01-09T19:47:44 IST" name="verifyLoginTabTest" finished-at="2023-01-09T19:47:44 IST" duration-ms="104" status="PASS">
          <reporter-output>
          </reporter-output>
        </test-method> <!-- verifyLoginTabTest -->
        <test-method is-config="true" signature="attachScreenshot(org.testng.ITestResult)[pri:0, instance:com.nagarro.SeleniumJava.tests.Test01_HomePage@5745ca0e]" started-at="2023-01-09T19:47:44 IST" name="attachScreenshot" finished-at="2023-01-09T19:47:44 IST" duration-ms="0" status="PASS">
          <params>
            <param index="0">
              <value>
                <![CDATA[[TestResult name=verifyLoginTabTest status=SUCCESS method=Test01_HomePage.verifyLoginTabTest()[pri:2, instance:com.nagarro.SeleniumJava.tests.Test01_HomePage@5745ca0e] output={null}]]]>
              </value>
            </param>
          </params>
          <reporter-output>
          </reporter-output>
        </test-method> <!-- attachScreenshot -->
        <test-method is-config="true" signature="tearDown()[pri:0, instance:com.nagarro.SeleniumJava.tests.Test01_HomePage@5745ca0e]" started-at="2023-01-09T19:47:44 IST" name="tearDown" finished-at="2023-01-09T19:47:45 IST" duration-ms="109" status="PASS">
          <reporter-output>
          </reporter-output>
        </test-method> <!-- tearDown -->
        <test-method is-config="true" signature="setup()[pri:0, instance:com.nagarro.SeleniumJava.tests.Test01_HomePage@5745ca0e]" started-at="2023-01-09T19:47:45 IST" name="setup" finished-at="2023-01-09T19:48:30 IST" duration-ms="45453" status="PASS">
          <reporter-output>
          </reporter-output>
        </test-method> <!-- setup -->
        <test-method signature="verifyBecomeASellerTabTest()[pri:3, instance:com.nagarro.SeleniumJava.tests.Test01_HomePage@5745ca0e]" started-at="2023-01-09T19:48:30 IST" name="verifyBecomeASellerTabTest" finished-at="2023-01-09T19:48:30 IST" duration-ms="34" status="PASS">
          <reporter-output>
          </reporter-output>
        </test-method> <!-- verifyBecomeASellerTabTest -->
        <test-method is-config="true" signature="attachScreenshot(org.testng.ITestResult)[pri:0, instance:com.nagarro.SeleniumJava.tests.Test01_HomePage@5745ca0e]" started-at="2023-01-09T19:48:30 IST" name="attachScreenshot" finished-at="2023-01-09T19:48:30 IST" duration-ms="1" status="PASS">
          <params>
            <param index="0">
              <value>
                <![CDATA[[TestResult name=verifyBecomeASellerTabTest status=SUCCESS method=Test01_HomePage.verifyBecomeASellerTabTest()[pri:3, instance:com.nagarro.SeleniumJava.tests.Test01_HomePage@5745ca0e] output={null}]]]>
              </value>
            </param>
          </params>
          <reporter-output>
          </reporter-output>
        </test-method> <!-- attachScreenshot -->
        <test-method is-config="true" signature="tearDown()[pri:0, instance:com.nagarro.SeleniumJava.tests.Test01_HomePage@5745ca0e]" started-at="2023-01-09T19:48:30 IST" name="tearDown" finished-at="2023-01-09T19:48:30 IST" duration-ms="91" status="PASS">
          <reporter-output>
          </reporter-output>
        </test-method> <!-- tearDown -->
        <test-method is-config="true" signature="setup()[pri:0, instance:com.nagarro.SeleniumJava.tests.Test01_HomePage@5745ca0e]" started-at="2023-01-09T19:48:30 IST" name="setup" finished-at="2023-01-09T19:49:25 IST" duration-ms="54370" status="PASS">
          <reporter-output>
          </reporter-output>
        </test-method> <!-- setup -->
        <test-method signature="verifySearchProductTest()[pri:4, instance:com.nagarro.SeleniumJava.tests.Test01_HomePage@5745ca0e]" started-at="2023-01-09T19:49:25 IST" name="verifySearchProductTest" finished-at="2023-01-09T19:49:26 IST" duration-ms="1226" status="PASS">
          <reporter-output>
          </reporter-output>
        </test-method> <!-- verifySearchProductTest -->
        <test-method is-config="true" signature="attachScreenshot(org.testng.ITestResult)[pri:0, instance:com.nagarro.SeleniumJava.tests.Test01_HomePage@5745ca0e]" started-at="2023-01-09T19:49:26 IST" name="attachScreenshot" finished-at="2023-01-09T19:49:26 IST" duration-ms="0" status="PASS">
          <params>
            <param index="0">
              <value>
                <![CDATA[[TestResult name=verifySearchProductTest status=SUCCESS method=Test01_HomePage.verifySearchProductTest()[pri:4, instance:com.nagarro.SeleniumJava.tests.Test01_HomePage@5745ca0e] output={null}]]]>
              </value>
            </param>
          </params>
          <reporter-output>
          </reporter-output>
        </test-method> <!-- attachScreenshot -->
        <test-method is-config="true" signature="tearDown()[pri:0, instance:com.nagarro.SeleniumJava.tests.Test01_HomePage@5745ca0e]" started-at="2023-01-09T19:49:26 IST" name="tearDown" finished-at="2023-01-09T19:49:26 IST" duration-ms="83" status="PASS">
          <reporter-output>
          </reporter-output>
        </test-method> <!-- tearDown -->
        <test-method is-config="true" signature="setup()[pri:0, instance:com.nagarro.SeleniumJava.tests.Test01_HomePage@5745ca0e]" started-at="2023-01-09T19:49:26 IST" name="setup" finished-at="2023-01-09T19:50:14 IST" duration-ms="48513" status="PASS">
          <reporter-output>
          </reporter-output>
        </test-method> <!-- setup -->
        <test-method signature="ClickNextSlide()[pri:5, instance:com.nagarro.SeleniumJava.tests.Test01_HomePage@5745ca0e]" started-at="2023-01-09T19:50:14 IST" name="ClickNextSlide" finished-at="2023-01-09T19:50:15 IST" duration-ms="210" status="PASS">
          <reporter-output>
          </reporter-output>
        </test-method> <!-- ClickNextSlide -->
        <test-method is-config="true" signature="tearDown()[pri:0, instance:com.nagarro.SeleniumJava.tests.Test01_HomePage@5745ca0e]" started-at="2023-01-09T19:50:15 IST" name="tearDown" finished-at="2023-01-09T19:50:15 IST" duration-ms="99" status="PASS">
          <reporter-output>
          </reporter-output>
        </test-method> <!-- tearDown -->
        <test-method is-config="true" signature="attachScreenshot(org.testng.ITestResult)[pri:0, instance:com.nagarro.SeleniumJava.tests.Test01_HomePage@5745ca0e]" started-at="2023-01-09T19:50:15 IST" name="attachScreenshot" finished-at="2023-01-09T19:50:15 IST" duration-ms="0" status="PASS">
          <params>
            <param index="0">
              <value>
                <![CDATA[[TestResult name=ClickNextSlide status=SUCCESS method=Test01_HomePage.ClickNextSlide()[pri:5, instance:com.nagarro.SeleniumJava.tests.Test01_HomePage@5745ca0e] output={null}]]]>
              </value>
            </param>
          </params>
          <reporter-output>
          </reporter-output>
        </test-method> <!-- attachScreenshot -->
        <test-method is-config="true" signature="setup()[pri:0, instance:com.nagarro.SeleniumJava.tests.Test01_HomePage@5745ca0e]" started-at="2023-01-09T19:50:15 IST" name="setup" finished-at="2023-01-09T19:51:01 IST" duration-ms="45985" status="PASS">
          <reporter-output>
          </reporter-output>
        </test-method> <!-- setup -->
        <test-method signature="ClickBackSlide()[pri:6, instance:com.nagarro.SeleniumJava.tests.Test01_HomePage@5745ca0e]" started-at="2023-01-09T19:51:01 IST" name="ClickBackSlide" finished-at="2023-01-09T19:51:01 IST" duration-ms="0" status="SKIP">
          <exception class="org.testng.SkipException">
            <message>
              <![CDATA[Skiped]]>
            </message>
            <full-stacktrace>
              <![CDATA[org.testng.SkipException: Skiped
at com.nagarro.SeleniumJava.tests.Test01_HomePage.ClickBackSlide(Test01_HomePage.java:106)
at java.base/jdk.internal.reflect.NativeMethodAccessorImpl.invoke0(Native Method)
at java.base/jdk.internal.reflect.NativeMethodAccessorImpl.invoke(NativeMethodAccessorImpl.java:77)
at java.base/jdk.internal.reflect.DelegatingMethodAccessorImpl.invoke(DelegatingMethodAccessorImpl.java:43)
at java.base/java.lang.reflect.Method.invoke(Method.java:568)
at org.testng.internal.MethodInvocationHelper.invokeMethod(MethodInvocationHelper.java:133)
at org.testng.internal.TestInvoker.invokeMethod(TestInvoker.java:598)
at org.testng.internal.TestInvoker.invokeTestMethod(TestInvoker.java:173)
at org.testng.internal.MethodRunner.runInSequence(MethodRunner.java:46)
at org.testng.internal.TestInvoker$MethodInvocationAgent.invoke(TestInvoker.java:824)
at org.testng.internal.TestInvoker.invokeTestMethods(TestInvoker.java:146)
at org.testng.internal.TestMethodWorker.invokeTestMethods(TestMethodWorker.java:146)
at org.testng.internal.TestMethodWorker.run(TestMethodWorker.java:128)
at java.base/java.util.ArrayList.forEach(ArrayList.java:1511)
at org.testng.TestRunner.privateRun(TestRunner.java:794)
at org.testng.TestRunner.run(TestRunner.java:596)
at org.testng.SuiteRunner.runTest(SuiteRunner.java:377)
at org.testng.SuiteRunner.runSequentially(SuiteRunner.java:371)
at org.testng.SuiteRunner.privateRun(SuiteRunner.java:332)
at org.testng.SuiteRunner.run(SuiteRunner.java:276)
at org.testng.SuiteRunnerWorker.runSuite(SuiteRunnerWorker.java:53)
at org.testng.SuiteRunnerWorker.run(SuiteRunnerWorker.java:96)
at org.testng.TestNG.runSuitesSequentially(TestNG.java:1212)
at org.testng.TestNG.runSuitesLocally(TestNG.java:1134)
at org.testng.TestNG.runSuites(TestNG.java:1063)
at org.testng.TestNG.run(TestNG.java:1031)
at org.testng.remote.AbstractRemoteTestNG.run(AbstractRemoteTestNG.java:115)
at org.testng.remote.RemoteTestNG.initAndRun(RemoteTestNG.java:251)
at org.testng.remote.RemoteTestNG.main(RemoteTestNG.java:77)
]]>
            </full-stacktrace>
          </exception> <!-- org.testng.SkipException -->
          <reporter-output>
          </reporter-output>
        </test-method> <!-- ClickBackSlide -->
        <test-method is-config="true" signature="tearDown()[pri:0, instance:com.nagarro.SeleniumJava.tests.Test01_HomePage@5745ca0e]" started-at="2023-01-09T19:51:01 IST" name="tearDown" finished-at="2023-01-09T19:51:01 IST" duration-ms="93" status="PASS">
          <reporter-output>
          </reporter-output>
        </test-method> <!-- tearDown -->
        <test-method is-config="true" signature="attachScreenshot(org.testng.ITestResult)[pri:0, instance:com.nagarro.SeleniumJava.tests.Test01_HomePage@5745ca0e]" started-at="2023-01-09T19:51:01 IST" name="attachScreenshot" finished-at="2023-01-09T19:51:01 IST" duration-ms="0" status="PASS">
          <params>
            <param index="0">
              <value>
                <![CDATA[[TestResult name=ClickBackSlide status=SKIP method=Test01_HomePage.ClickBackSlide()[pri:6, instance:com.nagarro.SeleniumJava.tests.Test01_HomePage@5745ca0e] output={null}]]]>
              </value>
            </param>
          </params>
          <reporter-output>
          </reporter-output>
        </test-method> <!-- attachScreenshot -->
        <test-method is-config="true" signature="endReport()[pri:0, instance:com.nagarro.SeleniumJava.tests.Test01_HomePage@5745ca0e]" started-at="2023-01-09T20:02:37 IST" name="endReport" finished-at="2023-01-09T20:02:37 IST" duration-ms="193" status="PASS">
          <reporter-output>
          </reporter-output>
        </test-method> <!-- endReport -->
      </class> <!-- com.nagarro.SeleniumJava.tests.Test01_HomePage -->
      <class name="com.nagarro.SeleniumJava.tests.Test04_FooterPage">
        <test-method is-config="true" signature="setup()[pri:0, instance:com.nagarro.SeleniumJava.tests.Test04_FooterPage@790da477]" started-at="2023-01-09T19:53:42 IST" name="setup" finished-at="2023-01-09T19:54:11 IST" duration-ms="29606" status="PASS">
          <reporter-output>
          </reporter-output>
        </test-method> <!-- setup -->
        <test-method signature="clickToCopyRight()[pri:0, instance:com.nagarro.SeleniumJava.tests.Test04_FooterPage@790da477]" started-at="2023-01-09T19:54:11 IST" name="clickToCopyRight" finished-at="2023-01-09T19:54:11 IST" duration-ms="107" status="PASS">
          <reporter-output>
          </reporter-output>
        </test-method> <!-- clickToCopyRight -->
        <test-method is-config="true" signature="tearDown()[pri:0, instance:com.nagarro.SeleniumJava.tests.Test04_FooterPage@790da477]" started-at="2023-01-09T19:54:11 IST" name="tearDown" finished-at="2023-01-09T19:54:11 IST" duration-ms="92" status="PASS">
          <reporter-output>
          </reporter-output>
        </test-method> <!-- tearDown -->
        <test-method is-config="true" signature="attachScreenshot(org.testng.ITestResult)[pri:0, instance:com.nagarro.SeleniumJava.tests.Test04_FooterPage@790da477]" started-at="2023-01-09T19:54:11 IST" name="attachScreenshot" finished-at="2023-01-09T19:54:11 IST" duration-ms="0" status="PASS">
          <params>
            <param index="0">
              <value>
                <![CDATA[[TestResult name=clickToCopyRight status=SUCCESS method=Test04_FooterPage.clickToCopyRight()[pri:0, instance:com.nagarro.SeleniumJava.tests.Test04_FooterPage@790da477] output={null}]]]>
              </value>
            </param>
          </params>
          <reporter-output>
          </reporter-output>
        </test-method> <!-- attachScreenshot -->
        <test-method is-config="true" signature="setup()[pri:0, instance:com.nagarro.SeleniumJava.tests.Test04_FooterPage@790da477]" started-at="2023-01-09T19:54:11 IST" name="setup" finished-at="2023-01-09T19:54:38 IST" duration-ms="26045" status="PASS">
          <reporter-output>
          </reporter-output>
        </test-method> <!-- setup -->
        <test-method signature="verifyFooterLogoTest()[pri:1, instance:com.nagarro.SeleniumJava.tests.Test04_FooterPage@790da477]" started-at="2023-01-09T19:54:38 IST" name="verifyFooterLogoTest" finished-at="2023-01-09T19:54:38 IST" duration-ms="36" status="PASS">
          <reporter-output>
          </reporter-output>
        </test-method> <!-- verifyFooterLogoTest -->
        <test-method is-config="true" signature="attachScreenshot(org.testng.ITestResult)[pri:0, instance:com.nagarro.SeleniumJava.tests.Test04_FooterPage@790da477]" started-at="2023-01-09T19:54:38 IST" name="attachScreenshot" finished-at="2023-01-09T19:54:38 IST" duration-ms="0" status="PASS">
          <params>
            <param index="0">
              <value>
                <![CDATA[[TestResult name=verifyFooterLogoTest status=SUCCESS method=Test04_FooterPage.verifyFooterLogoTest()[pri:1, instance:com.nagarro.SeleniumJava.tests.Test04_FooterPage@790da477] output={null}]]]>
              </value>
            </param>
          </params>
          <reporter-output>
          </reporter-output>
        </test-method> <!-- attachScreenshot -->
        <test-method is-config="true" signature="tearDown()[pri:0, instance:com.nagarro.SeleniumJava.tests.Test04_FooterPage@790da477]" started-at="2023-01-09T19:54:38 IST" name="tearDown" finished-at="2023-01-09T19:54:38 IST" duration-ms="87" status="PASS">
          <reporter-output>
          </reporter-output>
        </test-method> <!-- tearDown -->
        <test-method is-config="true" signature="setup()[pri:0, instance:com.nagarro.SeleniumJava.tests.Test04_FooterPage@790da477]" started-at="2023-01-09T19:54:38 IST" name="setup" finished-at="2023-01-09T19:55:36 IST" duration-ms="58134" status="PASS">
          <reporter-output>
          </reporter-output>
        </test-method> <!-- setup -->
        <test-method signature="verifyHelpCenterTest()[pri:2, instance:com.nagarro.SeleniumJava.tests.Test04_FooterPage@790da477]" started-at="2023-01-09T19:55:36 IST" name="verifyHelpCenterTest" finished-at="2023-01-09T19:55:36 IST" duration-ms="81" status="PASS">
          <reporter-output>
          </reporter-output>
        </test-method> <!-- verifyHelpCenterTest -->
        <test-method is-config="true" signature="attachScreenshot(org.testng.ITestResult)[pri:0, instance:com.nagarro.SeleniumJava.tests.Test04_FooterPage@790da477]" started-at="2023-01-09T19:55:36 IST" name="attachScreenshot" finished-at="2023-01-09T19:55:36 IST" duration-ms="0" status="PASS">
          <params>
            <param index="0">
              <value>
                <![CDATA[[TestResult name=verifyHelpCenterTest status=SUCCESS method=Test04_FooterPage.verifyHelpCenterTest()[pri:2, instance:com.nagarro.SeleniumJava.tests.Test04_FooterPage@790da477] output={null}]]]>
              </value>
            </param>
          </params>
          <reporter-output>
          </reporter-output>
        </test-method> <!-- attachScreenshot -->
        <test-method is-config="true" signature="tearDown()[pri:0, instance:com.nagarro.SeleniumJava.tests.Test04_FooterPage@790da477]" started-at="2023-01-09T19:55:36 IST" name="tearDown" finished-at="2023-01-09T19:55:36 IST" duration-ms="141" status="PASS">
          <reporter-output>
          </reporter-output>
        </test-method> <!-- tearDown -->
        <test-method is-config="true" signature="setup()[pri:0, instance:com.nagarro.SeleniumJava.tests.Test04_FooterPage@790da477]" started-at="2023-01-09T19:55:36 IST" name="setup" finished-at="2023-01-09T19:57:09 IST" duration-ms="92627" status="PASS">
          <reporter-output>
          </reporter-output>
        </test-method> <!-- setup -->
        <test-method signature="verifyContactUsTest()[pri:3, instance:com.nagarro.SeleniumJava.tests.Test04_FooterPage@790da477]" started-at="2023-01-09T19:57:09 IST" name="verifyContactUsTest" finished-at="2023-01-09T19:57:13 IST" duration-ms="4670" status="FAIL">
          <exception class="java.lang.AssertionError">
            <message>
              <![CDATA[expected [lipkart Help Center | 24x7 Customer Care Support] but found [Flipkart Help Center | 24x7 Customer Care Support]]]>
            </message>
            <full-stacktrace>
              <![CDATA[java.lang.AssertionError: expected [lipkart Help Center | 24x7 Customer Care Support] but found [Flipkart Help Center | 24x7 Customer Care Support]
at org.testng.Assert.fail(Assert.java:99)
at org.testng.Assert.failNotEquals(Assert.java:1037)
at org.testng.Assert.assertEqualsImpl(Assert.java:140)
at org.testng.Assert.assertEquals(Assert.java:122)
at org.testng.Assert.assertEquals(Assert.java:629)
at org.testng.Assert.assertEquals(Assert.java:639)
at com.nagarro.SeleniumJava.tests.Test04_FooterPage.verifyContactUsTest(Test04_FooterPage.java:73)
at java.base/jdk.internal.reflect.NativeMethodAccessorImpl.invoke0(Native Method)
at java.base/jdk.internal.reflect.NativeMethodAccessorImpl.invoke(NativeMethodAccessorImpl.java:77)
at java.base/jdk.internal.reflect.DelegatingMethodAccessorImpl.invoke(DelegatingMethodAccessorImpl.java:43)
at java.base/java.lang.reflect.Method.invoke(Method.java:568)
at org.testng.internal.MethodInvocationHelper.invokeMethod(MethodInvocationHelper.java:133)
at org.testng.internal.TestInvoker.invokeMethod(TestInvoker.java:598)
at org.testng.internal.TestInvoker.invokeTestMethod(TestInvoker.java:173)
at org.testng.internal.MethodRunner.runInSequence(MethodRunner.java:46)
at org.testng.internal.TestInvoker$MethodInvocationAgent.invoke(TestInvoker.java:824)
at org.testng.internal.TestInvoker.invokeTestMethods(TestInvoker.java:146)
at org.testng.internal.TestMethodWorker.invokeTestMethods(TestMethodWorker.java:146)
at org.testng.internal.TestMethodWorker.run(TestMethodWorker.java:128)
at java.base/java.util.ArrayList.forEach(ArrayList.java:1511)
at org.testng.TestRunner.privateRun(TestRunner.java:794)
at org.testng.TestRunner.run(TestRunner.java:596)
at org.testng.SuiteRunner.runTest(SuiteRunner.java:377)
at org.testng.SuiteRunner.runSequentially(SuiteRunner.java:371)
at org.testng.SuiteRunner.privateRun(SuiteRunner.java:332)
at org.testng.SuiteRunner.run(SuiteRunner.java:276)
at org.testng.SuiteRunnerWorker.runSuite(SuiteRunnerWorker.java:53)
at org.testng.SuiteRunnerWorker.run(SuiteRunnerWorker.java:96)
at org.testng.TestNG.runSuitesSequentially(TestNG.java:1212)
at org.testng.TestNG.runSuitesLocally(TestNG.java:1134)
at org.testng.TestNG.runSuites(TestNG.java:1063)
at org.testng.TestNG.run(TestNG.java:1031)
at org.testng.remote.AbstractRemoteTestNG.run(AbstractRemoteTestNG.java:115)
at org.testng.remote.RemoteTestNG.initAndRun(RemoteTestNG.java:251)
at org.testng.remote.RemoteTestNG.main(RemoteTestNG.java:77)
]]>
            </full-stacktrace>
          </exception> <!-- java.lang.AssertionError -->
          <reporter-output>
          </reporter-output>
        </test-method> <!-- verifyContactUsTest -->
        <test-method is-config="true" signature="attachScreenshot(org.testng.ITestResult)[pri:0, instance:com.nagarro.SeleniumJava.tests.Test04_FooterPage@790da477]" started-at="2023-01-09T19:57:13 IST" name="attachScreenshot" finished-at="2023-01-09T19:57:13 IST" duration-ms="92" status="PASS">
          <params>
            <param index="0">
              <value>
                <![CDATA[[TestResult name=verifyContactUsTest status=FAILURE method=Test04_FooterPage.verifyContactUsTest()[pri:3, instance:com.nagarro.SeleniumJava.tests.Test04_FooterPage@790da477] output={null}]]]>
              </value>
            </param>
          </params>
          <reporter-output>
          </reporter-output>
        </test-method> <!-- attachScreenshot -->
        <test-method is-config="true" signature="tearDown()[pri:0, instance:com.nagarro.SeleniumJava.tests.Test04_FooterPage@790da477]" started-at="2023-01-09T19:57:13 IST" name="tearDown" finished-at="2023-01-09T19:57:14 IST" duration-ms="109" status="PASS">
          <reporter-output>
          </reporter-output>
        </test-method> <!-- tearDown -->
        <test-method is-config="true" signature="setup()[pri:0, instance:com.nagarro.SeleniumJava.tests.Test04_FooterPage@790da477]" started-at="2023-01-09T19:57:14 IST" name="setup" finished-at="2023-01-09T19:59:20 IST" duration-ms="126885" status="PASS">
          <reporter-output>
          </reporter-output>
        </test-method> <!-- setup -->
        <test-method signature="verifyGiftCardTest()[pri:4, instance:com.nagarro.SeleniumJava.tests.Test04_FooterPage@790da477]" started-at="2023-01-09T19:59:20 IST" name="verifyGiftCardTest" finished-at="2023-01-09T19:59:20 IST" duration-ms="36" status="PASS">
          <reporter-output>
          </reporter-output>
        </test-method> <!-- verifyGiftCardTest -->
        <test-method is-config="true" signature="attachScreenshot(org.testng.ITestResult)[pri:0, instance:com.nagarro.SeleniumJava.tests.Test04_FooterPage@790da477]" started-at="2023-01-09T19:59:20 IST" name="attachScreenshot" finished-at="2023-01-09T19:59:20 IST" duration-ms="0" status="PASS">
          <params>
            <param index="0">
              <value>
                <![CDATA[[TestResult name=verifyGiftCardTest status=SUCCESS method=Test04_FooterPage.verifyGiftCardTest()[pri:4, instance:com.nagarro.SeleniumJava.tests.Test04_FooterPage@790da477] output={null}]]]>
              </value>
            </param>
          </params>
          <reporter-output>
          </reporter-output>
        </test-method> <!-- attachScreenshot -->
        <test-method is-config="true" signature="tearDown()[pri:0, instance:com.nagarro.SeleniumJava.tests.Test04_FooterPage@790da477]" started-at="2023-01-09T19:59:20 IST" name="tearDown" finished-at="2023-01-09T19:59:21 IST" duration-ms="92" status="PASS">
          <reporter-output>
          </reporter-output>
        </test-method> <!-- tearDown -->
        <test-method is-config="true" signature="setup()[pri:0, instance:com.nagarro.SeleniumJava.tests.Test04_FooterPage@790da477]" started-at="2023-01-09T19:59:21 IST" name="setup" finished-at="2023-01-09T19:59:58 IST" duration-ms="37942" status="PASS">
          <reporter-output>
          </reporter-output>
        </test-method> <!-- setup -->
        <test-method signature="verifyAdvertiseTest()[pri:5, instance:com.nagarro.SeleniumJava.tests.Test04_FooterPage@790da477]" started-at="2023-01-09T19:59:58 IST" name="verifyAdvertiseTest" finished-at="2023-01-09T19:59:59 IST" duration-ms="39" status="PASS">
          <reporter-output>
          </reporter-output>
        </test-method> <!-- verifyAdvertiseTest -->
        <test-method is-config="true" signature="tearDown()[pri:0, instance:com.nagarro.SeleniumJava.tests.Test04_FooterPage@790da477]" started-at="2023-01-09T19:59:59 IST" name="tearDown" finished-at="2023-01-09T19:59:59 IST" duration-ms="134" status="PASS">
          <reporter-output>
          </reporter-output>
        </test-method> <!-- tearDown -->
        <test-method is-config="true" signature="attachScreenshot(org.testng.ITestResult)[pri:0, instance:com.nagarro.SeleniumJava.tests.Test04_FooterPage@790da477]" started-at="2023-01-09T19:59:59 IST" name="attachScreenshot" finished-at="2023-01-09T19:59:59 IST" duration-ms="0" status="PASS">
          <params>
            <param index="0">
              <value>
                <![CDATA[[TestResult name=verifyAdvertiseTest status=SUCCESS method=Test04_FooterPage.verifyAdvertiseTest()[pri:5, instance:com.nagarro.SeleniumJava.tests.Test04_FooterPage@790da477] output={null}]]]>
              </value>
            </param>
          </params>
          <reporter-output>
          </reporter-output>
        </test-method> <!-- attachScreenshot -->
        <test-method is-config="true" signature="setup()[pri:0, instance:com.nagarro.SeleniumJava.tests.Test04_FooterPage@790da477]" started-at="2023-01-09T19:59:59 IST" name="setup" finished-at="2023-01-09T20:00:39 IST" duration-ms="40773" status="PASS">
          <reporter-output>
          </reporter-output>
        </test-method> <!-- setup -->
        <test-method signature="verifyBecomeASellerTest()[pri:6, instance:com.nagarro.SeleniumJava.tests.Test04_FooterPage@790da477]" started-at="2023-01-09T20:00:39 IST" name="verifyBecomeASellerTest" finished-at="2023-01-09T20:00:39 IST" duration-ms="38" status="PASS">
          <reporter-output>
          </reporter-output>
        </test-method> <!-- verifyBecomeASellerTest -->
        <test-method is-config="true" signature="attachScreenshot(org.testng.ITestResult)[pri:0, instance:com.nagarro.SeleniumJava.tests.Test04_FooterPage@790da477]" started-at="2023-01-09T20:00:39 IST" name="attachScreenshot" finished-at="2023-01-09T20:00:39 IST" duration-ms="0" status="PASS">
          <params>
            <param index="0">
              <value>
                <![CDATA[[TestResult name=verifyBecomeASellerTest status=SUCCESS method=Test04_FooterPage.verifyBecomeASellerTest()[pri:6, instance:com.nagarro.SeleniumJava.tests.Test04_FooterPage@790da477] output={null}]]]>
              </value>
            </param>
          </params>
          <reporter-output>
          </reporter-output>
        </test-method> <!-- attachScreenshot -->
        <test-method is-config="true" signature="tearDown()[pri:0, instance:com.nagarro.SeleniumJava.tests.Test04_FooterPage@790da477]" started-at="2023-01-09T20:00:39 IST" name="tearDown" finished-at="2023-01-09T20:00:40 IST" duration-ms="87" status="PASS">
          <reporter-output>
          </reporter-output>
        </test-method> <!-- tearDown -->
        <test-method is-config="true" signature="setup()[pri:0, instance:com.nagarro.SeleniumJava.tests.Test04_FooterPage@790da477]" started-at="2023-01-09T20:00:40 IST" name="setup" finished-at="2023-01-09T20:01:13 IST" duration-ms="33220" status="PASS">
          <reporter-output>
          </reporter-output>
        </test-method> <!-- setup -->
        <test-method signature="verifyPaymentTest()[pri:7, instance:com.nagarro.SeleniumJava.tests.Test04_FooterPage@790da477]" started-at="2023-01-09T20:01:13 IST" name="verifyPaymentTest" finished-at="2023-01-09T20:01:17 IST" duration-ms="3757" status="PASS">
          <reporter-output>
          </reporter-output>
        </test-method> <!-- verifyPaymentTest -->
        <test-method is-config="true" signature="attachScreenshot(org.testng.ITestResult)[pri:0, instance:com.nagarro.SeleniumJava.tests.Test04_FooterPage@790da477]" started-at="2023-01-09T20:01:17 IST" name="attachScreenshot" finished-at="2023-01-09T20:01:17 IST" duration-ms="1" status="PASS">
          <params>
            <param index="0">
              <value>
                <![CDATA[[TestResult name=verifyPaymentTest status=SUCCESS method=Test04_FooterPage.verifyPaymentTest()[pri:7, instance:com.nagarro.SeleniumJava.tests.Test04_FooterPage@790da477] output={null}]]]>
              </value>
            </param>
          </params>
          <reporter-output>
          </reporter-output>
        </test-method> <!-- attachScreenshot -->
        <test-method is-config="true" signature="tearDown()[pri:0, instance:com.nagarro.SeleniumJava.tests.Test04_FooterPage@790da477]" started-at="2023-01-09T20:01:17 IST" name="tearDown" finished-at="2023-01-09T20:01:17 IST" duration-ms="96" status="PASS">
          <reporter-output>
          </reporter-output>
        </test-method> <!-- tearDown -->
        <test-method is-config="true" signature="setup()[pri:0, instance:com.nagarro.SeleniumJava.tests.Test04_FooterPage@790da477]" started-at="2023-01-09T20:01:17 IST" name="setup" finished-at="2023-01-09T20:01:53 IST" duration-ms="36866" status="PASS">
          <reporter-output>
          </reporter-output>
        </test-method> <!-- setup -->
        <test-method signature="verifyShippingTest()[pri:7, instance:com.nagarro.SeleniumJava.tests.Test04_FooterPage@790da477]" started-at="2023-01-09T20:01:53 IST" name="verifyShippingTest" finished-at="2023-01-09T20:02:01 IST" duration-ms="7595" status="PASS">
          <reporter-output>
          </reporter-output>
        </test-method> <!-- verifyShippingTest -->
        <test-method is-config="true" signature="tearDown()[pri:0, instance:com.nagarro.SeleniumJava.tests.Test04_FooterPage@790da477]" started-at="2023-01-09T20:02:01 IST" name="tearDown" finished-at="2023-01-09T20:02:01 IST" duration-ms="89" status="PASS">
          <reporter-output>
          </reporter-output>
        </test-method> <!-- tearDown -->
        <test-method is-config="true" signature="attachScreenshot(org.testng.ITestResult)[pri:0, instance:com.nagarro.SeleniumJava.tests.Test04_FooterPage@790da477]" started-at="2023-01-09T20:02:01 IST" name="attachScreenshot" finished-at="2023-01-09T20:02:01 IST" duration-ms="0" status="PASS">
          <params>
            <param index="0">
              <value>
                <![CDATA[[TestResult name=verifyShippingTest status=SUCCESS method=Test04_FooterPage.verifyShippingTest()[pri:7, instance:com.nagarro.SeleniumJava.tests.Test04_FooterPage@790da477] output={null}]]]>
              </value>
            </param>
          </params>
          <reporter-output>
          </reporter-output>
        </test-method> <!-- attachScreenshot -->
        <test-method is-config="true" signature="setup()[pri:0, instance:com.nagarro.SeleniumJava.tests.Test04_FooterPage@790da477]" started-at="2023-01-09T20:02:01 IST" name="setup" finished-at="2023-01-09T20:02:32 IST" duration-ms="31182" status="PASS">
          <reporter-output>
          </reporter-output>
        </test-method> <!-- setup -->
        <test-method signature="verifyFacebookTest()[pri:8, instance:com.nagarro.SeleniumJava.tests.Test04_FooterPage@790da477]" started-at="2023-01-09T20:02:32 IST" name="verifyFacebookTest" finished-at="2023-01-09T20:02:37 IST" duration-ms="4748" status="PASS">
          <reporter-output>
          </reporter-output>
        </test-method> <!-- verifyFacebookTest -->
        <test-method is-config="true" signature="attachScreenshot(org.testng.ITestResult)[pri:0, instance:com.nagarro.SeleniumJava.tests.Test04_FooterPage@790da477]" started-at="2023-01-09T20:02:37 IST" name="attachScreenshot" finished-at="2023-01-09T20:02:37 IST" duration-ms="1" status="PASS">
          <params>
            <param index="0">
              <value>
                <![CDATA[[TestResult name=verifyFacebookTest status=SUCCESS method=Test04_FooterPage.verifyFacebookTest()[pri:8, instance:com.nagarro.SeleniumJava.tests.Test04_FooterPage@790da477] output={null}]]]>
              </value>
            </param>
          </params>
          <reporter-output>
          </reporter-output>
        </test-method> <!-- attachScreenshot -->
        <test-method is-config="true" signature="tearDown()[pri:0, instance:com.nagarro.SeleniumJava.tests.Test04_FooterPage@790da477]" started-at="2023-01-09T20:02:37 IST" name="tearDown" finished-at="2023-01-09T20:02:37 IST" duration-ms="82" status="PASS">
          <reporter-output>
          </reporter-output>
        </test-method> <!-- tearDown -->
      </class> <!-- com.nagarro.SeleniumJava.tests.Test04_FooterPage -->
      <class name="com.nagarro.SeleniumJava.tests.Test02_RegisterPage">
        <test-method is-config="true" signature="setup()[pri:0, instance:com.nagarro.SeleniumJava.tests.Test02_RegisterPage@38467116]" started-at="2023-01-09T19:51:01 IST" name="setup" finished-at="2023-01-09T19:51:48 IST" duration-ms="47347" status="PASS">
          <reporter-output>
          </reporter-output>
        </test-method> <!-- setup -->
        <test-method signature="CreateNewuser()[pri:0, instance:com.nagarro.SeleniumJava.tests.Test02_RegisterPage@38467116]" started-at="2023-01-09T19:51:48 IST" name="CreateNewuser" finished-at="2023-01-09T19:51:51 IST" duration-ms="3273" status="PASS">
          <reporter-output>
          </reporter-output>
        </test-method> <!-- CreateNewuser -->
        <test-method is-config="true" signature="tearDown()[pri:0, instance:com.nagarro.SeleniumJava.tests.Test02_RegisterPage@38467116]" started-at="2023-01-09T19:51:51 IST" name="tearDown" finished-at="2023-01-09T19:51:51 IST" duration-ms="86" status="PASS">
          <reporter-output>
          </reporter-output>
        </test-method> <!-- tearDown -->
        <test-method is-config="true" signature="attachScreenshot(org.testng.ITestResult)[pri:0, instance:com.nagarro.SeleniumJava.tests.Test02_RegisterPage@38467116]" started-at="2023-01-09T19:51:51 IST" name="attachScreenshot" finished-at="2023-01-09T19:51:51 IST" duration-ms="0" status="PASS">
          <params>
            <param index="0">
              <value>
                <![CDATA[[TestResult name=CreateNewuser status=SUCCESS method=Test02_RegisterPage.CreateNewuser()[pri:0, instance:com.nagarro.SeleniumJava.tests.Test02_RegisterPage@38467116] output={null}]]]>
              </value>
            </param>
          </params>
          <reporter-output>
          </reporter-output>
        </test-method> <!-- attachScreenshot -->
      </class> <!-- com.nagarro.SeleniumJava.tests.Test02_RegisterPage -->
    </test> <!-- Test -->
  </suite> <!-- Suite -->
</testng-results>
