<?xml version="1.0" encoding="UTF-8"?>
<!-- Generated by org.testng.reporters.JUnitReportReporter -->
<testsuite hostname="IN-39RM2J3" failures="1" tests="10" name="com.nagarro.SeleniumJava.tests.Test04_FooterPage" time="535.490" errors="0" timestamp="2023-01-09T20:02:37 IST" skipped="0">
  <testcase classname="com.nagarro.SeleniumJava.tests.Test04_FooterPage" name="clickToCopyRight" time="92.868"/>
  <system-out/>
  <testcase classname="com.nagarro.SeleniumJava.tests.Test04_FooterPage" name="verifyFooterLogoTest" time="29.738"/>
  <system-out/>
  <testcase classname="com.nagarro.SeleniumJava.tests.Test04_FooterPage" name="verifyHelpCenterTest" time="58.305"/>
  <system-out/>
  <testcase classname="com.nagarro.SeleniumJava.tests.Test04_FooterPage" name="verifyContactUsTest" time="30.916">
    <failure message="expected [lipkart Help Center | 24x7 Customer Care Support] but found [Flipkart Help Center | 24x7 Customer Care Support]" type="java.lang.AssertionError">
      <![CDATA[java.lang.AssertionError: expected [lipkart Help Center | 24x7 Customer Care Support] but found [Flipkart Help Center | 24x7 Customer Care Support]
at org.testng.Assert.fail(Assert.java:99)
at org.testng.Assert.failNotEquals(Assert.java:1037)
at org.testng.Assert.assertEqualsImpl(Assert.java:140)
at org.testng.Assert.assertEquals(Assert.java:122)
at org.testng.Assert.assertEquals(Assert.java:629)
at org.testng.Assert.assertEquals(Assert.java:639)
at com.nagarro.SeleniumJava.tests.Test04_FooterPage.verifyContactUsTest(Test04_FooterPage.java:73)
at java.base/jdk.internal.reflect.NativeMethodAccessorImpl.invoke0(Native Method)
at java.base/jdk.internal.reflect.NativeMethodAccessorImpl.invoke(NativeMethodAccessorImpl.java:77)
at java.base/jdk.internal.reflect.DelegatingMethodAccessorImpl.invoke(DelegatingMethodAccessorImpl.java:43)
at java.base/java.lang.reflect.Method.invoke(Method.java:568)
at org.testng.internal.MethodInvocationHelper.invokeMethod(MethodInvocationHelper.java:133)
at org.testng.internal.TestInvoker.invokeMethod(TestInvoker.java:598)
at org.testng.internal.TestInvoker.invokeTestMethod(TestInvoker.java:173)
at org.testng.internal.MethodRunner.runInSequence(MethodRunner.java:46)
at org.testng.internal.TestInvoker$MethodInvocationAgent.invoke(TestInvoker.java:824)
at org.testng.internal.TestInvoker.invokeTestMethods(TestInvoker.java:146)
at org.testng.internal.TestMethodWorker.invokeTestMethods(TestMethodWorker.java:146)
at org.testng.internal.TestMethodWorker.run(TestMethodWorker.java:128)
at java.base/java.util.ArrayList.forEach(ArrayList.java:1511)
at org.testng.TestRunner.privateRun(TestRunner.java:794)
at org.testng.TestRunner.run(TestRunner.java:596)
at org.testng.SuiteRunner.runTest(SuiteRunner.java:377)
at org.testng.SuiteRunner.runSequentially(SuiteRunner.java:371)
at org.testng.SuiteRunner.privateRun(SuiteRunner.java:332)
at org.testng.SuiteRunner.run(SuiteRunner.java:276)
at org.testng.SuiteRunnerWorker.runSuite(SuiteRunnerWorker.java:53)
at org.testng.SuiteRunnerWorker.run(SuiteRunnerWorker.java:96)
at org.testng.TestNG.runSuitesSequentially(TestNG.java:1212)
at org.testng.TestNG.runSuitesLocally(TestNG.java:1134)
at org.testng.TestNG.runSuites(TestNG.java:1063)
at org.testng.TestNG.run(TestNG.java:1031)
at org.testng.remote.AbstractRemoteTestNG.run(AbstractRemoteTestNG.java:115)
at org.testng.remote.RemoteTestNG.initAndRun(RemoteTestNG.java:251)
at org.testng.remote.RemoteTestNG.main(RemoteTestNG.java:77)
]]>
    </failure>
  </testcase> <!-- verifyContactUsTest -->
  <system-out/>
  <testcase classname="com.nagarro.SeleniumJava.tests.Test04_FooterPage" name="verifyGiftCardTest" time="38.070"/>
  <system-out/>
  <testcase classname="com.nagarro.SeleniumJava.tests.Test04_FooterPage" name="verifyAdvertiseTest" time="127.007"/>
  <system-out/>
  <testcase classname="com.nagarro.SeleniumJava.tests.Test04_FooterPage" name="verifyBecomeASellerTest" time="31.312"/>
  <system-out/>
  <testcase classname="com.nagarro.SeleniumJava.tests.Test04_FooterPage" name="verifyShippingTest" time="48.455"/>
  <system-out/>
  <testcase classname="com.nagarro.SeleniumJava.tests.Test04_FooterPage" name="verifyPaymentTest" time="37.118"/>
  <system-out/>
  <testcase classname="com.nagarro.SeleniumJava.tests.Test04_FooterPage" name="verifyFacebookTest" time="41.701"/>
  <system-out/>
</testsuite> <!-- com.nagarro.SeleniumJava.tests.Test04_FooterPage -->
